  Assembling AddTwoSum_64.asm...
AddTwoSum_64.asm(7): error A2013: .MODEL must precede this directive
AddTwoSum_64.asm(8): error A2034: must be in segment block
AddTwoSum_64.asm(9): error A2034: must be in segment block
AddTwoSum_64.asm(10): error A2034: must be in segment block
AddTwoSum_64.asm(11): error A2034: must be in segment block
AddTwoSum_64.asm(13): error A2013: .MODEL must precede this directive
AddTwoSum_64.asm(14): error A2034: must be in segment block : main
AddTwoSum_64.asm(16): error A2034: must be in segment block
AddTwoSum_64.asm(17): error A2034: must be in segment block
AddTwoSum_64.asm(18): error A2034: must be in segment block
AddTwoSum_64.asm(19): error A2034: must be in segment block
AddTwoSum_64.asm(22): error A2034: must be in segment block
AddTwoSum_64.asm(23): error A2034: must be in segment block
AddTwoSum_64.asm(24): error A2008: syntax error : cqo
AddTwoSum_64.asm(25): error A2034: must be in segment block
AddTwoSum_64.asm(26): error A2034: must be in segment block
AddTwoSum_64.asm(27): error A2034: must be in segment block
AddTwoSum_64.asm(30): error A2034: must be in segment block
AddTwoSum_64.asm(31): error A2034: must be in segment block
AddTwoSum_64.asm(32): error A2034: must be in segment block
AddTwoSum_64.asm(33): error A2034: must be in segment block
AddTwoSum_64.asm(34): error A2034: must be in segment block
AddTwoSum_64.asm(35): error A2034: must be in segment block
AddTwoSum_64.asm(38): error A2034: must be in segment block
AddTwoSum_64.asm(39): fatal error A1010: unmatched block nesting : main
C:\Program Files\Microsoft Visual Studio\2022\Community\MSBuild\Microsoft\VC\v170\BuildCustomizations\masm.targets(70,5): error MSB3721: The command "ml.exe /c /nologo /Zi /Fo"Debug\AddTwoSum_64.obj" /W3 /errorReport:prompt  /TaAddTwoSum_64.asm" exited with code 1.
